This file contains any messages produced by compilers while
running configure, to aid debugging if configure makes a mistake.

It was created by libcsv configure 3.0.3, which was
generated by GNU Autoconf 2.69.  Invocation command line was

  $ ./configure --no-create --no-recursion

## --------- ##
## Platform. ##
## --------- ##

hostname = crunchbang-laptop
uname -m = x86_64
uname -r = 3.2.0-4-amd64
uname -s = Linux
uname -v = #1 SMP Debian 3.2.46-1+deb7u1

/usr/bin/uname -p = unknown
/bin/uname -X     = unknown

/bin/arch              = unknown
/usr/bin/arch -k       = unknown
/usr/convex/getsysinfo = unknown
/usr/bin/hostinfo      = unknown
/bin/machine           = unknown
/usr/bin/oslevel       = unknown
/bin/universe          = unknown

PATH: /home/andy/bin
PATH: /usr/sbin
PATH: /sbin
PATH: /usr/local/bin
PATH: /usr/bin
PATH: /bin
PATH: /usr/local/games
PATH: /usr/games
PATH: /home/andy/bin
PATH: /usr/sbin
PATH: /sbin
PATH: /usr/local/bin
PATH: /usr/bin
PATH: /bin
PATH: /usr/local/games
PATH: /usr/games
PATH: /home/andy/bin
PATH: /usr/sbin
PATH: /sbin
PATH: /usr/local/bin
PATH: /usr/bin
PATH: /bin
PATH: /usr/local/games
PATH: /usr/games


## ----------- ##
## Core tests. ##
## ----------- ##

configure:2286: checking for a BSD-compatible install
configure:2354: result: /usr/bin/install -c
configure:2365: checking whether build environment is sane
configure:2415: result: yes
configure:2556: checking for a thread-safe mkdir -p
configure:2595: result: /bin/mkdir -p
configure:2608: checking for gawk
configure:2638: result: no
configure:2608: checking for mawk
configure:2624: found /usr/bin/mawk
configure:2635: result: mawk
configure:2646: checking whether make sets $(MAKE)
configure:2668: result: yes
configure:2796: checking for gcc
configure:2812: found /usr/bin/gcc
configure:2823: result: gcc
configure:3052: checking for C compiler version
configure:3061: gcc --version >&5
gcc (Debian 4.7.2-5) 4.7.2
Copyright (C) 2012 Free Software Foundation, Inc.
This is free software; see the source for copying conditions.  There is NO
warranty; not even for MERCHANTABILITY or FITNESS FOR A PARTICULAR PURPOSE.

configure:3072: $? = 0
configure:3061: gcc -v >&5
Using built-in specs.
COLLECT_GCC=gcc
COLLECT_LTO_WRAPPER=/usr/lib/gcc/x86_64-linux-gnu/4.7/lto-wrapper
Target: x86_64-linux-gnu
Configured with: ../src/configure -v --with-pkgversion='Debian 4.7.2-5' --with-bugurl=file:///usr/share/doc/gcc-4.7/README.Bugs --enable-languages=c,c++,go,fortran,objc,obj-c++ --prefix=/usr --program-suffix=-4.7 --enable-shared --enable-linker-build-id --with-system-zlib --libexecdir=/usr/lib --without-included-gettext --enable-threads=posix --with-gxx-include-dir=/usr/include/c++/4.7 --libdir=/usr/lib --enable-nls --with-sysroot=/ --enable-clocale=gnu --enable-libstdcxx-debug --enable-libstdcxx-time=yes --enable-gnu-unique-object --enable-plugin --enable-objc-gc --with-arch-32=i586 --with-tune=generic --enable-checking=release --build=x86_64-linux-gnu --host=x86_64-linux-gnu --target=x86_64-linux-gnu
Thread model: posix
gcc version 4.7.2 (Debian 4.7.2-5) 
configure:3072: $? = 0
configure:3061: gcc -V >&5
gcc: error: unrecognized command line option '-V'
gcc: fatal error: no input files
compilation terminated.
configure:3072: $? = 4
configure:3061: gcc -qversion >&5
gcc: error: unrecognized command line option '-qversion'
gcc: fatal error: no input files
compilation terminated.
configure:3072: $? = 4
configure:3092: checking whether the C compiler works
configure:3114: gcc    conftest.c  >&5
configure:3118: $? = 0
configure:3166: result: yes
configure:3169: checking for C compiler default output file name
configure:3171: result: a.out
configure:3177: checking for suffix of executables
configure:3184: gcc -o conftest    conftest.c  >&5
configure:3188: $? = 0
configure:3210: result: 
configure:3232: checking whether we are cross compiling
configure:3240: gcc -o conftest    conftest.c  >&5
configure:3244: $? = 0
configure:3251: ./conftest
configure:3255: $? = 0
configure:3270: result: no
configure:3275: checking for suffix of object files
configure:3297: gcc -c   conftest.c >&5
configure:3301: $? = 0
configure:3322: result: o
configure:3326: checking whether we are using the GNU C compiler
configure:3345: gcc -c   conftest.c >&5
configure:3345: $? = 0
configure:3354: result: yes
configure:3363: checking whether gcc accepts -g
configure:3383: gcc -c -g  conftest.c >&5
configure:3383: $? = 0
configure:3424: result: yes
configure:3441: checking for gcc option to accept ISO C89
configure:3504: gcc  -c -g -O2  conftest.c >&5
configure:3504: $? = 0
configure:3517: result: none needed
configure:3548: checking for style of include used by make
configure:3576: result: GNU
configure:3602: checking dependency style of gcc
configure:3713: result: gcc3
configure:3758: checking build system type
configure:3772: result: x86_64-unknown-linux-gnu
configure:3792: checking host system type
configure:3805: result: x86_64-unknown-linux-gnu
configure:3825: checking for a sed that does not truncate output
configure:3889: result: /bin/sed
configure:3907: checking for grep that handles long lines and -e
configure:3965: result: /bin/grep
configure:3970: checking for egrep
configure:4032: result: /bin/grep -E
configure:4037: checking for fgrep
configure:4099: result: /bin/grep -F
configure:4134: checking for ld used by gcc
configure:4201: result: /usr/bin/ld
configure:4208: checking if the linker (/usr/bin/ld) is GNU ld
configure:4223: result: yes
configure:4235: checking for BSD- or MS-compatible name lister (nm)
configure:4284: result: /usr/bin/nm -B
configure:4402: checking the name lister (/usr/bin/nm -B) interface
configure:4409: gcc -c -g -O2  conftest.c >&5
configure:4412: /usr/bin/nm -B "conftest.o"
configure:4415: output
0000000000000000 B some_variable
configure:4422: result: BSD nm
configure:4425: checking whether ln -s works
configure:4429: result: yes
configure:4437: checking the maximum length of command line arguments
configure:4557: result: 3458764513820540925
configure:4574: checking whether the shell understands some XSI constructs
configure:4584: result: yes
configure:4588: checking whether the shell understands "+="
configure:4594: result: yes
configure:4629: checking for /usr/bin/ld option to reload object files
configure:4636: result: -r
configure:4705: checking for objdump
configure:4721: found /usr/bin/objdump
configure:4732: result: objdump
configure:4764: checking how to recognize dependent libraries
configure:4960: result: pass_all
configure:5020: checking for ar
configure:5036: found /usr/bin/ar
configure:5047: result: ar
configure:5125: checking for strip
configure:5141: found /usr/bin/strip
configure:5152: result: strip
configure:5224: checking for ranlib
configure:5240: found /usr/bin/ranlib
configure:5251: result: ranlib
configure:5341: checking command to parse /usr/bin/nm -B output from gcc object
configure:5459: gcc -c -g -O2  conftest.c >&5
configure:5462: $? = 0
configure:5466: /usr/bin/nm -B conftest.o \| sed -n -e 's/^.*[	 ]\([ABCDGIRSTW][ABCDGIRSTW]*\)[	 ][	 ]*\([_A-Za-z][_A-Za-z0-9]*\)$/\1 \2 \2/p' \> conftest.nm
configure:5469: $? = 0
configure:5523: gcc -o conftest -g -O2   conftest.c conftstm.o >&5
configure:5526: $? = 0
configure:5564: result: ok
configure:5660: gcc -c -g -O2  conftest.c >&5
configure:5663: $? = 0
configure:6373: checking how to run the C preprocessor
configure:6404: gcc -E  conftest.c
configure:6404: $? = 0
configure:6418: gcc -E  conftest.c
conftest.c:11:28: fatal error: ac_nonexistent.h: No such file or directory
compilation terminated.
configure:6418: $? = 1
configure: failed program was:
| /* confdefs.h */
| #define PACKAGE_NAME "libcsv"
| #define PACKAGE_TARNAME "libcsv"
| #define PACKAGE_VERSION "3.0.3"
| #define PACKAGE_STRING "libcsv 3.0.3"
| #define PACKAGE_BUGREPORT "rgamble@users.sourceforge.net"
| #define PACKAGE_URL "http://sourceforge.net/projects/libcsv/"
| #define PACKAGE "libcsv"
| #define VERSION "3.0.3"
| /* end confdefs.h.  */
| #include <ac_nonexistent.h>
configure:6443: result: gcc -E
configure:6463: gcc -E  conftest.c
configure:6463: $? = 0
configure:6477: gcc -E  conftest.c
conftest.c:11:28: fatal error: ac_nonexistent.h: No such file or directory
compilation terminated.
configure:6477: $? = 1
configure: failed program was:
| /* confdefs.h */
| #define PACKAGE_NAME "libcsv"
| #define PACKAGE_TARNAME "libcsv"
| #define PACKAGE_VERSION "3.0.3"
| #define PACKAGE_STRING "libcsv 3.0.3"
| #define PACKAGE_BUGREPORT "rgamble@users.sourceforge.net"
| #define PACKAGE_URL "http://sourceforge.net/projects/libcsv/"
| #define PACKAGE "libcsv"
| #define VERSION "3.0.3"
| /* end confdefs.h.  */
| #include <ac_nonexistent.h>
configure:6506: checking for ANSI C header files
configure:6526: gcc -c -g -O2  conftest.c >&5
configure:6526: $? = 0
configure:6599: gcc -o conftest -g -O2   conftest.c  >&5
configure:6599: $? = 0
configure:6599: ./conftest
configure:6599: $? = 0
configure:6610: result: yes
configure:6623: checking for sys/types.h
configure:6623: gcc -c -g -O2  conftest.c >&5
configure:6623: $? = 0
configure:6623: result: yes
configure:6623: checking for sys/stat.h
configure:6623: gcc -c -g -O2  conftest.c >&5
configure:6623: $? = 0
configure:6623: result: yes
configure:6623: checking for stdlib.h
configure:6623: gcc -c -g -O2  conftest.c >&5
configure:6623: $? = 0
configure:6623: result: yes
configure:6623: checking for string.h
configure:6623: gcc -c -g -O2  conftest.c >&5
configure:6623: $? = 0
configure:6623: result: yes
configure:6623: checking for memory.h
configure:6623: gcc -c -g -O2  conftest.c >&5
configure:6623: $? = 0
configure:6623: result: yes
configure:6623: checking for strings.h
configure:6623: gcc -c -g -O2  conftest.c >&5
configure:6623: $? = 0
configure:6623: result: yes
configure:6623: checking for inttypes.h
configure:6623: gcc -c -g -O2  conftest.c >&5
configure:6623: $? = 0
configure:6623: result: yes
configure:6623: checking for stdint.h
configure:6623: gcc -c -g -O2  conftest.c >&5
configure:6623: $? = 0
configure:6623: result: yes
configure:6623: checking for unistd.h
configure:6623: gcc -c -g -O2  conftest.c >&5
configure:6623: $? = 0
configure:6623: result: yes
configure:6637: checking for dlfcn.h
configure:6637: gcc -c -g -O2  conftest.c >&5
configure:6637: $? = 0
configure:6637: result: yes
configure:6821: checking for objdir
configure:6836: result: .libs
configure:7132: checking if gcc supports -fno-rtti -fno-exceptions
configure:7150: gcc -c -g -O2  -fno-rtti -fno-exceptions conftest.c >&5
cc1: warning: command line option '-fno-rtti' is valid for C++/ObjC++ but not for C [enabled by default]
configure:7154: $? = 0
configure:7167: result: no
configure:7187: checking for gcc option to produce PIC
configure:7459: result: -fPIC -DPIC
configure:7471: checking if gcc PIC flag -fPIC -DPIC works
configure:7489: gcc -c -g -O2  -fPIC -DPIC -DPIC conftest.c >&5
configure:7493: $? = 0
configure:7506: result: yes
configure:7530: checking if gcc static flag -static works
configure:7558: result: yes
configure:7573: checking if gcc supports -c -o file.o
configure:7594: gcc -c -g -O2  -o out/conftest2.o conftest.c >&5
configure:7598: $? = 0
configure:7620: result: yes
configure:7628: checking if gcc supports -c -o file.o
configure:7675: result: yes
configure:7708: checking whether the gcc linker (/usr/bin/ld -m elf_x86_64) supports shared libraries
configure:8699: result: yes
configure:8736: checking whether -lc should be explicitly linked in
configure:8741: gcc -c -g -O2  conftest.c >&5
configure:8744: $? = 0
configure:8759: gcc -shared conftest.o  -v -Wl,-soname -Wl,conftest -o conftest 2\>\&1 \| /bin/grep  -lc  \>/dev/null 2\>\&1
configure:8762: $? = 0
configure:8774: result: no
configure:8938: checking dynamic linker characteristics
configure:9371: gcc -o conftest -g -O2   -Wl,-rpath -Wl,/foo conftest.c  >&5
configure:9371: $? = 0
configure:9601: result: GNU/Linux ld.so
configure:9703: checking how to hardcode library paths into programs
configure:9728: result: immediate
configure:10248: checking whether stripping libraries is possible
configure:10253: result: yes
configure:10288: checking if libtool supports shared libraries
configure:10290: result: yes
configure:10293: checking whether to build shared libraries
configure:10314: result: yes
configure:10317: checking whether to build static libraries
configure:10321: result: yes
configure:10527: creating ./config.status

## ---------------- ##
## Cache variables. ##
## ---------------- ##

ac_cv_build=x86_64-unknown-linux-gnu
ac_cv_c_compiler_gnu=yes
ac_cv_env_CC_set=
ac_cv_env_CC_value=
ac_cv_env_CFLAGS_set=
ac_cv_env_CFLAGS_value=
ac_cv_env_CPPFLAGS_set=
ac_cv_env_CPPFLAGS_value=
ac_cv_env_CPP_set=
ac_cv_env_CPP_value=
ac_cv_env_LDFLAGS_set=
ac_cv_env_LDFLAGS_value=
ac_cv_env_LIBS_set=
ac_cv_env_LIBS_value=
ac_cv_env_build_alias_set=
ac_cv_env_build_alias_value=
ac_cv_env_host_alias_set=
ac_cv_env_host_alias_value=
ac_cv_env_target_alias_set=
ac_cv_env_target_alias_value=
ac_cv_header_dlfcn_h=yes
ac_cv_header_inttypes_h=yes
ac_cv_header_memory_h=yes
ac_cv_header_stdc=yes
ac_cv_header_stdint_h=yes
ac_cv_header_stdlib_h=yes
ac_cv_header_string_h=yes
ac_cv_header_strings_h=yes
ac_cv_header_sys_stat_h=yes
ac_cv_header_sys_types_h=yes
ac_cv_header_unistd_h=yes
ac_cv_host=x86_64-unknown-linux-gnu
ac_cv_objext=o
ac_cv_path_EGREP='/bin/grep -E'
ac_cv_path_FGREP='/bin/grep -F'
ac_cv_path_GREP=/bin/grep
ac_cv_path_SED=/bin/sed
ac_cv_path_install='/usr/bin/install -c'
ac_cv_path_mkdir=/bin/mkdir
ac_cv_prog_AWK=mawk
ac_cv_prog_CPP='gcc -E'
ac_cv_prog_ac_ct_AR=ar
ac_cv_prog_ac_ct_CC=gcc
ac_cv_prog_ac_ct_OBJDUMP=objdump
ac_cv_prog_ac_ct_RANLIB=ranlib
ac_cv_prog_ac_ct_STRIP=strip
ac_cv_prog_cc_c89=
ac_cv_prog_cc_g=yes
ac_cv_prog_make_make_set=yes
am_cv_CC_dependencies_compiler_type=gcc3
lt_cv_deplibs_check_method=pass_all
lt_cv_file_magic_cmd='$MAGIC_CMD'
lt_cv_file_magic_test_file=
lt_cv_ld_reload_flag=-r
lt_cv_nm_interface='BSD nm'
lt_cv_objdir=.libs
lt_cv_path_LD=/usr/bin/ld
lt_cv_path_NM='/usr/bin/nm -B'
lt_cv_prog_compiler_c_o=yes
lt_cv_prog_compiler_pic_works=yes
lt_cv_prog_compiler_rtti_exceptions=no
lt_cv_prog_compiler_static_works=yes
lt_cv_prog_gnu_ld=yes
lt_cv_sys_global_symbol_pipe='sed -n -e '\''s/^.*[	 ]\([ABCDGIRSTW][ABCDGIRSTW]*\)[	 ][	 ]*\([_A-Za-z][_A-Za-z0-9]*\)$/\1 \2 \2/p'\'''
lt_cv_sys_global_symbol_to_c_name_address='sed -n -e '\''s/^: \([^ ]*\) $/  {\"\1\", (void *) 0},/p'\'' -e '\''s/^[ABCDGIRSTW]* \([^ ]*\) \([^ ]*\)$/  {"\2", (void *) \&\2},/p'\'''
lt_cv_sys_global_symbol_to_c_name_address_lib_prefix='sed -n -e '\''s/^: \([^ ]*\) $/  {\"\1\", (void *) 0},/p'\'' -e '\''s/^[ABCDGIRSTW]* \([^ ]*\) \(lib[^ ]*\)$/  {"\2", (void *) \&\2},/p'\'' -e '\''s/^[ABCDGIRSTW]* \([^ ]*\) \([^ ]*\)$/  {"lib\2", (void *) \&\2},/p'\'''
lt_cv_sys_global_symbol_to_cdecl='sed -n -e '\''s/^T .* \(.*\)$/extern int \1();/p'\'' -e '\''s/^[ABCDGIRSTW]* .* \(.*\)$/extern char \1;/p'\'''
lt_cv_sys_max_cmd_len=3458764513820540925

## ----------------- ##
## Output variables. ##
## ----------------- ##

ACLOCAL='${SHELL} /usr/local/src/libcsv-3.0.3/missing --run aclocal-1.11'
AMDEPBACKSLASH='\'
AMDEP_FALSE='#'
AMDEP_TRUE=''
AMTAR='$${TAR-tar}'
AR='ar'
AUTOCONF='${SHELL} /usr/local/src/libcsv-3.0.3/missing --run autoconf'
AUTOHEADER='${SHELL} /usr/local/src/libcsv-3.0.3/missing --run autoheader'
AUTOMAKE='${SHELL} /usr/local/src/libcsv-3.0.3/missing --run automake-1.11'
AWK='mawk'
CC='gcc'
CCDEPMODE='depmode=gcc3'
CFLAGS='-g -O2'
CPP='gcc -E'
CPPFLAGS=''
CYGPATH_W='echo'
DEFS='-DPACKAGE_NAME=\"libcsv\" -DPACKAGE_TARNAME=\"libcsv\" -DPACKAGE_VERSION=\"3.0.3\" -DPACKAGE_STRING=\"libcsv\ 3.0.3\" -DPACKAGE_BUGREPORT=\"rgamble@users.sourceforge.net\" -DPACKAGE_URL=\"http://sourceforge.net/projects/libcsv/\" -DPACKAGE=\"libcsv\" -DVERSION=\"3.0.3\" -DSTDC_HEADERS=1 -DHAVE_SYS_TYPES_H=1 -DHAVE_SYS_STAT_H=1 -DHAVE_STDLIB_H=1 -DHAVE_STRING_H=1 -DHAVE_MEMORY_H=1 -DHAVE_STRINGS_H=1 -DHAVE_INTTYPES_H=1 -DHAVE_STDINT_H=1 -DHAVE_UNISTD_H=1 -DHAVE_DLFCN_H=1 -DLT_OBJDIR=\".libs/\"'
DEPDIR='.deps'
DSYMUTIL=''
DUMPBIN=''
ECHO_C=''
ECHO_N='-n'
ECHO_T=''
EGREP='/bin/grep -E'
EXEEXT=''
FGREP='/bin/grep -F'
GREP='/bin/grep'
INSTALL_DATA='${INSTALL} -m 644'
INSTALL_PROGRAM='${INSTALL}'
INSTALL_SCRIPT='${INSTALL}'
INSTALL_STRIP_PROGRAM='$(install_sh) -c -s'
LD='/usr/bin/ld -m elf_x86_64'
LDFLAGS=''
LIBOBJS=''
LIBS=''
LIBTOOL='$(SHELL) $(top_builddir)/libtool'
LIPO=''
LN_S='ln -s'
LTLIBOBJS=''
MAKEINFO='${SHELL} /usr/local/src/libcsv-3.0.3/missing --run makeinfo'
MKDIR_P='/bin/mkdir -p'
NM='/usr/bin/nm -B'
NMEDIT=''
OBJDUMP='objdump'
OBJEXT='o'
OTOOL64=''
OTOOL=''
PACKAGE='libcsv'
PACKAGE_BUGREPORT='rgamble@users.sourceforge.net'
PACKAGE_NAME='libcsv'
PACKAGE_STRING='libcsv 3.0.3'
PACKAGE_TARNAME='libcsv'
PACKAGE_URL='http://sourceforge.net/projects/libcsv/'
PACKAGE_VERSION='3.0.3'
PATH_SEPARATOR=':'
RANLIB='ranlib'
SED='/bin/sed'
SET_MAKE=''
SHELL='/bin/bash'
STRIP='strip'
VERSION='3.0.3'
ac_ct_CC='gcc'
ac_ct_DUMPBIN=''
am__EXEEXT_FALSE=''
am__EXEEXT_TRUE='#'
am__fastdepCC_FALSE='#'
am__fastdepCC_TRUE=''
am__include='include'
am__isrc=''
am__leading_dot='.'
am__nodep='_no'
am__quote=''
am__tar='$${TAR-tar} chof - "$$tardir"'
am__untar='$${TAR-tar} xf -'
bindir='${exec_prefix}/bin'
build='x86_64-unknown-linux-gnu'
build_alias=''
build_cpu='x86_64'
build_os='linux-gnu'
build_vendor='unknown'
datadir='${datarootdir}'
datarootdir='${prefix}/share'
docdir='${datarootdir}/doc/${PACKAGE_TARNAME}'
dvidir='${docdir}'
exec_prefix='${prefix}'
host='x86_64-unknown-linux-gnu'
host_alias=''
host_cpu='x86_64'
host_os='linux-gnu'
host_vendor='unknown'
htmldir='${docdir}'
includedir='${prefix}/include'
infodir='${datarootdir}/info'
install_sh='${SHELL} /usr/local/src/libcsv-3.0.3/install-sh'
libdir='${exec_prefix}/lib'
libexecdir='${exec_prefix}/libexec'
localedir='${datarootdir}/locale'
localstatedir='${prefix}/var'
lt_ECHO='echo'
mandir='${datarootdir}/man'
mkdir_p='/bin/mkdir -p'
oldincludedir='/usr/include'
pdfdir='${docdir}'
prefix='/usr/local'
program_transform_name='s,x,x,'
psdir='${docdir}'
sbindir='${exec_prefix}/sbin'
sharedstatedir='${prefix}/com'
sysconfdir='${prefix}/etc'
target_alias=''

## ----------- ##
## confdefs.h. ##
## ----------- ##

/* confdefs.h */
#define PACKAGE_NAME "libcsv"
#define PACKAGE_TARNAME "libcsv"
#define PACKAGE_VERSION "3.0.3"
#define PACKAGE_STRING "libcsv 3.0.3"
#define PACKAGE_BUGREPORT "rgamble@users.sourceforge.net"
#define PACKAGE_URL "http://sourceforge.net/projects/libcsv/"
#define PACKAGE "libcsv"
#define VERSION "3.0.3"
#define STDC_HEADERS 1
#define HAVE_SYS_TYPES_H 1
#define HAVE_SYS_STAT_H 1
#define HAVE_STDLIB_H 1
#define HAVE_STRING_H 1
#define HAVE_MEMORY_H 1
#define HAVE_STRINGS_H 1
#define HAVE_INTTYPES_H 1
#define HAVE_STDINT_H 1
#define HAVE_UNISTD_H 1
#define HAVE_DLFCN_H 1
#define LT_OBJDIR ".libs/"

configure: exit 0

## ---------------------- ##
## Running config.status. ##
## ---------------------- ##

This file was extended by libcsv config.status 3.0.3, which was
generated by GNU Autoconf 2.69.  Invocation command line was

  CONFIG_FILES    = 
  CONFIG_HEADERS  = 
  CONFIG_LINKS    = 
  CONFIG_COMMANDS = 
  $ ./config.status 

on crunchbang-laptop

config.status:984: creating Makefile
config.status:1156: executing depfiles commands
config.status:1156: executing libtool commands
